/Users/admin/Documents/workspace/ModernPython/log
<logging.RootLogger object at 0x105a1b950>
Traceback (most recent call last):
  File "/Users/admin/Documents/workspace/ModernPython/test.py", line 11, in <module>
    logger.info("ffffffffffffffffffffffffffff")
AttributeError: 'NoneType' object has no attribute 'info'
INFO     2015-07-30 16:02:02  test.py [ line: 11  ]  <module> ffffffffffffffffffffffffffff
INFO     2015-07-30 16:02:02  test.py [ line: 12  ]  <module> ffffffffffffffffffffffffffff
INFO     2015-07-30 16:02:02  test.py [ line: 13  ]  <module> ffffffffffffffffffffffffffff
INFO     2015-07-30 16:02:02  test.py [ line: 14  ]  <module> ffffffffffffffffffffffffffff
INFO     2015-07-30 16:02:02  test.py [ line: 15  ]  <module> ffffffffffffffffffffffffffff
INFO     2015-07-30 16:02:02  test.py [ line: 16  ]  <module> ffffffffffffffffffffffffffff
INFO     2015-07-30 16:02:02  test.py [ line: 17  ]  <module> ffffffffffffffffffffffffffff
INFO     2015-07-30 16:12:01  test.py [ line: 11  ]  <module> ffffffffffffffffffffffffffff
INFO     2015-07-30 16:12:01  test.py [ line: 12  ]  <module> ffffffffffffffffffffffffffff
INFO     2015-07-30 16:12:01  test.py [ line: 13  ]  <module> ffffffffffffffffffffffffffff
INFO     2015-07-30 16:12:01  test.py [ line: 14  ]  <module> ffffffffffffffffffffffffffff
INFO     2015-07-30 16:12:01  test.py [ line: 15  ]  <module> ffffffffffffffffffffffffffff
INFO     2015-07-30 16:12:01  test.py [ line: 16  ]  <module> ffffffffffffffffffffffffffff
INFO     2015-07-30 16:12:01  test.py [ line: 17  ]  <module> ffffffffffffffffffffffffffff
INFO     2015-07-30 16:24:05  test.py [ line: 15  ]  <module> ffffffffffffffffffffffffffff
INFO     2015-07-30 16:24:05  test.py [ line: 16  ]  <module> ffffffffffffffffffffffffffff
INFO     2015-07-30 16:37:38  test.py [ line: 15  ]  <module> ffffffffffffffffffffffffffff
INFO     2015-07-30 16:37:38  test.py [ line: 16  ]  <module> ffffffffffffffffffffffffffff
INFO     2015-07-30 16:38:17  test.py [ line: 15  ]  <module> ffffffffffffffffffffffffffff
INFO     2015-07-30 16:38:17  test.py [ line: 16  ]  <module> ffffffffffffffffffffffffffff
INFO     2015-07-30 16:38:47  test.py [ line: 15  ]  <module> ffffffffffffffffffffffffffff
INFO     2015-07-30 16:38:47  test.py [ line: 16  ]  <module> ffffffffffffffffffffffffffff
INFO     2015-07-30 16:41:20  test.py [ line: 15  ]  <module> ffffffffffffffffffffffffffff
INFO     2015-07-30 16:41:20  test.py [ line: 16  ]  <module> ffffffffffffffffffffffffffff
INFO     2015-07-30 16:46:39  test.py [ line: 15  ]  <module> ffffffffffffffffffffffffffff
INFO     2015-07-30 16:46:39  test.py [ line: 16  ]  <module> ffffffffffffffffffffffffffff
INFO     2015-07-30 16:47:26  test.py [ line: 15  ]  <module> ffffffffffffffffffffffffffff
INFO     2015-07-30 16:47:26  test.py [ line: 16  ]  <module> ffffffffffffffffffffffffffff
